<?xml version="1.0" encoding="UTF-8"?>
<testsuite xmlns:xsi="http://www.w3.org/2001/XMLSchema-instance" xsi:noNamespaceSchemaLocation="https://maven.apache.org/surefire/maven-surefire-plugin/xsd/surefire-test-report-3.0.xsd" version="3.0" name="runners.TestRunner" time="9.591" tests="6" errors="0" skipped="0" failures="0">
  <properties>
    <property name="java.specification.version" value="17"/>
    <property name="sun.cpu.isalist" value="amd64"/>
    <property name="sun.jnu.encoding" value="Cp1252"/>
    <property name="java.class.path" value="C:\Users\admin\RestAssuredCucumberAPI\target\test-classes;C:\Users\admin\RestAssuredCucumberAPI\target\classes;C:\Users\admin\.m2\repository\io\rest-assured\rest-assured\5.3.2\rest-assured-5.3.2.jar;C:\Users\admin\.m2\repository\org\apache\groovy\groovy\4.0.11\groovy-4.0.11.jar;C:\Users\admin\.m2\repository\org\apache\groovy\groovy-xml\4.0.11\groovy-xml-4.0.11.jar;C:\Users\admin\.m2\repository\org\apache\httpcomponents\httpclient\4.5.13\httpclient-4.5.13.jar;C:\Users\admin\.m2\repository\org\apache\httpcomponents\httpcore\4.4.13\httpcore-4.4.13.jar;C:\Users\admin\.m2\repository\commons-logging\commons-logging\1.2\commons-logging-1.2.jar;C:\Users\admin\.m2\repository\commons-codec\commons-codec\1.11\commons-codec-1.11.jar;C:\Users\admin\.m2\repository\org\apache\httpcomponents\httpmime\4.5.13\httpmime-4.5.13.jar;C:\Users\admin\.m2\repository\org\hamcrest\hamcrest\2.2\hamcrest-2.2.jar;C:\Users\admin\.m2\repository\org\ccil\cowan\tagsoup\tagsoup\1.2.1\tagsoup-1.2.1.jar;C:\Users\admin\.m2\repository\io\rest-assured\json-path\5.3.2\json-path-5.3.2.jar;C:\Users\admin\.m2\repository\org\apache\groovy\groovy-json\4.0.11\groovy-json-4.0.11.jar;C:\Users\admin\.m2\repository\io\rest-assured\rest-assured-common\5.3.2\rest-assured-common-5.3.2.jar;C:\Users\admin\.m2\repository\io\rest-assured\xml-path\5.3.2\xml-path-5.3.2.jar;C:\Users\admin\.m2\repository\org\apache\commons\commons-lang3\3.11\commons-lang3-3.11.jar;C:\Users\admin\.m2\repository\io\cucumber\cucumber-java\7.14.0\cucumber-java-7.14.0.jar;C:\Users\admin\.m2\repository\io\cucumber\cucumber-core\7.14.0\cucumber-core-7.14.0.jar;C:\Users\admin\.m2\repository\io\cucumber\cucumber-gherkin\7.14.0\cucumber-gherkin-7.14.0.jar;C:\Users\admin\.m2\repository\io\cucumber\cucumber-gherkin-messages\7.14.0\cucumber-gherkin-messages-7.14.0.jar;C:\Users\admin\.m2\repository\io\cucumber\gherkin\26.2.0\gherkin-26.2.0.jar;C:\Users\admin\.m2\repository\io\cucumber\messages\22.0.0\messages-22.0.0.jar;C:\Users\admin\.m2\repository\io\cucumber\tag-expressions\5.0.6\tag-expressions-5.0.6.jar;C:\Users\admin\.m2\repository\io\cucumber\cucumber-expressions\16.1.2\cucumber-expressions-16.1.2.jar;C:\Users\admin\.m2\repository\io\cucumber\datatable\7.14.0\datatable-7.14.0.jar;C:\Users\admin\.m2\repository\io\cucumber\cucumber-plugin\7.14.0\cucumber-plugin-7.14.0.jar;C:\Users\admin\.m2\repository\io\cucumber\docstring\7.14.0\docstring-7.14.0.jar;C:\Users\admin\.m2\repository\io\cucumber\html-formatter\20.4.0\html-formatter-20.4.0.jar;C:\Users\admin\.m2\repository\io\cucumber\junit-xml-formatter\0.2.0\junit-xml-formatter-0.2.0.jar;C:\Users\admin\.m2\repository\io\cucumber\ci-environment\9.2.0\ci-environment-9.2.0.jar;C:\Users\admin\.m2\repository\org\apiguardian\apiguardian-api\1.1.2\apiguardian-api-1.1.2.jar;C:\Users\admin\.m2\repository\io\cucumber\cucumber-junit\7.14.0\cucumber-junit-7.14.0.jar;C:\Users\admin\.m2\repository\junit\junit\4.13.2\junit-4.13.2.jar;C:\Users\admin\.m2\repository\org\hamcrest\hamcrest-core\1.3\hamcrest-core-1.3.jar;"/>
    <property name="java.vm.vendor" value="Oracle Corporation"/>
    <property name="sun.arch.data.model" value="64"/>
    <property name="user.variant" value=""/>
    <property name="java.vendor.url" value="https://java.oracle.com/"/>
    <property name="user.timezone" value="Asia/Calcutta"/>
    <property name="os.name" value="Windows 10"/>
    <property name="java.vm.specification.version" value="17"/>
    <property name="sun.java.launcher" value="SUN_STANDARD"/>
    <property name="user.country" value="IN"/>
    <property name="sun.boot.library.path" value="C:\Program Files\Java\jdk-17\bin"/>
    <property name="sun.java.command" value="C:\Users\admin\AppData\Local\Temp\surefire10201347167258212214\surefirebooter-20250902101038027_3.jar C:\Users\admin\AppData\Local\Temp\surefire10201347167258212214 2025-09-02T10-10-37_481-jvmRun1 surefire-20250902101038027_1tmp surefire_0-20250902101038027_2tmp"/>
    <property name="jdk.debug" value="release"/>
    <property name="surefire.test.class.path" value="C:\Users\admin\RestAssuredCucumberAPI\target\test-classes;C:\Users\admin\RestAssuredCucumberAPI\target\classes;C:\Users\admin\.m2\repository\io\rest-assured\rest-assured\5.3.2\rest-assured-5.3.2.jar;C:\Users\admin\.m2\repository\org\apache\groovy\groovy\4.0.11\groovy-4.0.11.jar;C:\Users\admin\.m2\repository\org\apache\groovy\groovy-xml\4.0.11\groovy-xml-4.0.11.jar;C:\Users\admin\.m2\repository\org\apache\httpcomponents\httpclient\4.5.13\httpclient-4.5.13.jar;C:\Users\admin\.m2\repository\org\apache\httpcomponents\httpcore\4.4.13\httpcore-4.4.13.jar;C:\Users\admin\.m2\repository\commons-logging\commons-logging\1.2\commons-logging-1.2.jar;C:\Users\admin\.m2\repository\commons-codec\commons-codec\1.11\commons-codec-1.11.jar;C:\Users\admin\.m2\repository\org\apache\httpcomponents\httpmime\4.5.13\httpmime-4.5.13.jar;C:\Users\admin\.m2\repository\org\hamcrest\hamcrest\2.2\hamcrest-2.2.jar;C:\Users\admin\.m2\repository\org\ccil\cowan\tagsoup\tagsoup\1.2.1\tagsoup-1.2.1.jar;C:\Users\admin\.m2\repository\io\rest-assured\json-path\5.3.2\json-path-5.3.2.jar;C:\Users\admin\.m2\repository\org\apache\groovy\groovy-json\4.0.11\groovy-json-4.0.11.jar;C:\Users\admin\.m2\repository\io\rest-assured\rest-assured-common\5.3.2\rest-assured-common-5.3.2.jar;C:\Users\admin\.m2\repository\io\rest-assured\xml-path\5.3.2\xml-path-5.3.2.jar;C:\Users\admin\.m2\repository\org\apache\commons\commons-lang3\3.11\commons-lang3-3.11.jar;C:\Users\admin\.m2\repository\io\cucumber\cucumber-java\7.14.0\cucumber-java-7.14.0.jar;C:\Users\admin\.m2\repository\io\cucumber\cucumber-core\7.14.0\cucumber-core-7.14.0.jar;C:\Users\admin\.m2\repository\io\cucumber\cucumber-gherkin\7.14.0\cucumber-gherkin-7.14.0.jar;C:\Users\admin\.m2\repository\io\cucumber\cucumber-gherkin-messages\7.14.0\cucumber-gherkin-messages-7.14.0.jar;C:\Users\admin\.m2\repository\io\cucumber\gherkin\26.2.0\gherkin-26.2.0.jar;C:\Users\admin\.m2\repository\io\cucumber\messages\22.0.0\messages-22.0.0.jar;C:\Users\admin\.m2\repository\io\cucumber\tag-expressions\5.0.6\tag-expressions-5.0.6.jar;C:\Users\admin\.m2\repository\io\cucumber\cucumber-expressions\16.1.2\cucumber-expressions-16.1.2.jar;C:\Users\admin\.m2\repository\io\cucumber\datatable\7.14.0\datatable-7.14.0.jar;C:\Users\admin\.m2\repository\io\cucumber\cucumber-plugin\7.14.0\cucumber-plugin-7.14.0.jar;C:\Users\admin\.m2\repository\io\cucumber\docstring\7.14.0\docstring-7.14.0.jar;C:\Users\admin\.m2\repository\io\cucumber\html-formatter\20.4.0\html-formatter-20.4.0.jar;C:\Users\admin\.m2\repository\io\cucumber\junit-xml-formatter\0.2.0\junit-xml-formatter-0.2.0.jar;C:\Users\admin\.m2\repository\io\cucumber\ci-environment\9.2.0\ci-environment-9.2.0.jar;C:\Users\admin\.m2\repository\org\apiguardian\apiguardian-api\1.1.2\apiguardian-api-1.1.2.jar;C:\Users\admin\.m2\repository\io\cucumber\cucumber-junit\7.14.0\cucumber-junit-7.14.0.jar;C:\Users\admin\.m2\repository\junit\junit\4.13.2\junit-4.13.2.jar;C:\Users\admin\.m2\repository\org\hamcrest\hamcrest-core\1.3\hamcrest-core-1.3.jar;"/>
    <property name="sun.cpu.endian" value="little"/>
    <property name="user.home" value="C:\Users\admin"/>
    <property name="user.language" value="en"/>
    <property name="java.specification.vendor" value="Oracle Corporation"/>
    <property name="java.version.date" value="2024-07-16"/>
    <property name="java.home" value="C:\Program Files\Java\jdk-17"/>
    <property name="file.separator" value="\"/>
    <property name="basedir" value="C:\Users\admin\RestAssuredCucumberAPI"/>
    <property name="java.vm.compressedOopsMode" value="Zero based"/>
    <property name="line.separator" value="&#10;"/>
    <property name="java.vm.specification.vendor" value="Oracle Corporation"/>
    <property name="java.specification.name" value="Java Platform API Specification"/>
    <property name="surefire.real.class.path" value="C:\Users\admin\AppData\Local\Temp\surefire10201347167258212214\surefirebooter-20250902101038027_3.jar"/>
    <property name="user.script" value=""/>
    <property name="sun.management.compiler" value="HotSpot 64-Bit Tiered Compilers"/>
    <property name="java.runtime.version" value="17.0.12+8-LTS-286"/>
    <property name="user.name" value="admin"/>
    <property name="path.separator" value=";"/>
    <property name="os.version" value="10.0"/>
    <property name="java.runtime.name" value="Java(TM) SE Runtime Environment"/>
    <property name="file.encoding" value="Cp1252"/>
    <property name="java.vm.name" value="Java HotSpot(TM) 64-Bit Server VM"/>
    <property name="localRepository" value="C:\Users\admin\.m2\repository"/>
    <property name="java.vendor.url.bug" value="https://bugreport.java.com/bugreport/"/>
    <property name="java.io.tmpdir" value="C:\Users\admin\AppData\Local\Temp\"/>
    <property name="java.version" value="17.0.12"/>
    <property name="user.dir" value="C:\Users\admin\RestAssuredCucumberAPI"/>
    <property name="os.arch" value="amd64"/>
    <property name="java.vm.specification.name" value="Java Virtual Machine Specification"/>
    <property name="sun.os.patch.level" value=""/>
    <property name="native.encoding" value="Cp1252"/>
    <property name="java.library.path" value="C:\Program Files\Java\jdk-17\bin;C:\Windows\Sun\Java\bin;C:\Windows\system32;C:\Windows;C:\Program Files\Common Files\Oracle\Java\javapath;C:\Windows\system32;C:\Windows;C:\Windows\System32\Wbem;C:\Windows\System32\WindowsPowerShell\v1.0\;C:\Windows\System32\OpenSSH\;C:\Program Files\PuTTY\;C:\Program Files\Git\cmd;C:\gcc-15.1.0-gdb-16.3.90.20250511-binutils-2.44-mingw-w64-v12.0.0-ucrt\bin;C:\oraclexe\app\oracle\product\11.2.0\server\bin;C:\Program Files\Java\jdk-17\bin;C:\ProgramData\chocolatey\bin;C:\Program Files\nodejs\;C:\Users\admin\Desktop\apache-maven-3.9.10\bin\;C:\flutter\bin;C:\Program Files\Kubernetes\Minikube;;C:\Program Files\Docker\Docker\resources\bin;C:\Program Files\MySQL\MySQL Shell 8.0\bin\;C:\Users\admin\AppData\Local\Programs\Python\Python313\Scripts\;C:\Users\admin\AppData\Local\Programs\Python\Python313\;C:\Users\admin\AppData\Local\Microsoft\WindowsApps;C:\Users\admin\AppData\Local\Programs\Microsoft VS Code\bin;C:\Users\admin\AppData\Roaming\npm;C:\modeltech64_10.6d\win64;C:\intelFPGA\20.1\modelsim_ase\win32aloem;C:\iverilog\bin;C:\iverilog\gtkwave\bin;C:\Program Files\JetBrains\IntelliJ IDEA Community Edition 2025.1.4.1\bin;;."/>
    <property name="java.vm.info" value="mixed mode, sharing"/>
    <property name="java.vendor" value="Oracle Corporation"/>
    <property name="java.vm.version" value="17.0.12+8-LTS-286"/>
    <property name="sun.io.unicode.encoding" value="UnicodeLittle"/>
    <property name="java.class.version" value="61.0"/>
  </properties>
  <testcase name="Retrieve all posts" classname="Posts API Testing" time="4.782">
    <system-out><![CDATA[
Scenario: Retrieve all posts                  # src/test/java/features/posts.feature:3
  Given I send a GET request to "/posts"      # stepDefinitions.PostsSteps.i_send_a_get_request_to(java.lang.String)
  Then the response status code should be 200 # stepDefinitions.PostsSteps.the_response_status_code_should_be(java.lang.Integer)
  And the response should contain 100 posts   # stepDefinitions.PostsSteps.the_response_should_contain_posts(java.lang.Integer)
]]></system-out>
  </testcase>
  <testcase name="Retrieve a specific post by ID" classname="Posts API Testing" time="0.533">
    <system-out><![CDATA[
Scenario: Retrieve a specific post by ID             # src/test/java/features/posts.feature:9
  Given I send a GET request to "/posts/1"           # stepDefinitions.PostsSteps.i_send_a_get_request_to(java.lang.String)
  Then the response status code should be 200        # stepDefinitions.PostsSteps.the_response_status_code_should_be(java.lang.Integer)
  And the response should contain the post with id 1 # stepDefinitions.PostsSteps.the_response_should_contain_the_post_with_id(java.lang.Integer)
]]></system-out>
  </testcase>
  <testcase name="Create a new post" classname="Posts API Testing" time="0.795">
    <system-out><![CDATA[
Scenario: Create a new post                                  # src/test/java/features/posts.feature:14
  Given I send a POST request to "/posts" with body:         # stepDefinitions.PostsSteps.i_send_a_post_request_to_with_body(java.lang.String,java.lang.String)
  Then the response status code should be 201                # stepDefinitions.PostsSteps.the_response_status_code_should_be(java.lang.Integer)
  And the response should contain the new post with userId 1 # stepDefinitions.PostsSteps.the_response_should_contain_the_new_post_with_userId(java.lang.Integer)
]]></system-out>
  </testcase>
  <testcase name="Update an existing post by ID" classname="Posts API Testing" time="0.814">
    <system-out><![CDATA[
Scenario: Update an existing post by ID                                  # src/test/java/features/posts.feature:26
  Given I send a PUT request to "/posts/1" with body:                    # stepDefinitions.PostsSteps.i_send_a_put_request_to_with_body(java.lang.String,java.lang.String)
  Then the response status code should be 200                            # stepDefinitions.PostsSteps.the_response_status_code_should_be(java.lang.Integer)
  And the response should reflect the updated title "Updated Post Title" # stepDefinitions.PostsSteps.the_response_should_reflect_the_updated_title(java.lang.String)
]]></system-out>
  </testcase>
  <testcase name="Delete a specific post by ID" classname="Posts API Testing" time="0.769">
    <system-out><![CDATA[
Scenario: Delete a specific post by ID        # src/test/java/features/posts.feature:39
  Given I send a DELETE request to "/posts/1" # stepDefinitions.PostsSteps.i_send_a_delete_request_to(java.lang.String)
  Then the response status code should be 200 # stepDefinitions.PostsSteps.the_response_status_code_should_be(java.lang.Integer)
]]></system-out>
  </testcase>
  <testcase name="Partially update a post title by ID" classname="Posts API Testing" time="0.82">
    <system-out><![CDATA[
Scenario: Partially update a post title by ID                                 # src/test/java/features/posts.feature:43
  Given I send a PATCH request to "/posts/1" with body:                       # stepDefinitions.PostsSteps.i_send_a_patch_request_to_with_body(java.lang.String,java.lang.String)
  Then the response status code should be 200                                 # stepDefinitions.PostsSteps.the_response_status_code_should_be(java.lang.Integer)
  And the response should reflect the updated title "Partially Updated Title" # stepDefinitions.PostsSteps.the_response_should_reflect_the_updated_title(java.lang.String)
]]></system-out>
  </testcase>
</testsuite>